<?xml version="1.0" encoding="UTF-8"?>
<!-- Generated by org.testng.reporters.JUnitReportReporter -->
<testsuite hostname="DESKTOP-H6N6RIK" failures="0" tests="1" name="com.project.Maven_051018" time="8.047" errors="0" timestamp="12 May 2018 17:50:29 GMT" skipped="0">
  <testcase classname="com.project.Maven_051018" name="mavenTest" time="8.047"/>
</testsuite> <!-- com.project.Maven_051018 -->
